nohup: ignoring input
Collecting albumentations==2.0.8 (from -r requirements.txt (line 1))
  Using cached albumentations-2.0.8-py3-none-any.whl.metadata (43 kB)
Collecting hydra-core==1.3.2 (from -r requirements.txt (line 2))
  Using cached hydra_core-1.3.2-py3-none-any.whl.metadata (5.5 kB)
Collecting omegaconf==2.3.0 (from -r requirements.txt (line 3))
  Using cached omegaconf-2.3.0-py3-none-any.whl.metadata (3.9 kB)
Collecting opencv-python-headless==4.12.0.88 (from -r requirements.txt (line 4))
  Using cached opencv_python_headless-4.12.0.88-cp37-abi3-manylinux2014_x86_64.manylinux_2_17_x86_64.whl.metadata (19 kB)
Collecting scikit-multilearn==0.2.0 (from -r requirements.txt (line 5))
  Using cached scikit_multilearn-0.2.0-py3-none-any.whl.metadata (6.0 kB)
Collecting numpy==2.2.6 (from -r requirements.txt (line 6))
  Using cached numpy-2.2.6-cp312-cp312-manylinux_2_17_x86_64.manylinux2014_x86_64.whl.metadata (62 kB)
Collecting pandas==2.3.3 (from -r requirements.txt (line 7))
  Using cached pandas-2.3.3-cp312-cp312-manylinux_2_24_x86_64.manylinux_2_28_x86_64.whl.metadata (91 kB)
Collecting pytorch-lightning==2.5.5 (from -r requirements.txt (line 8))
  Using cached pytorch_lightning-2.5.5-py3-none-any.whl.metadata (20 kB)
Collecting torch==2.8.0 (from -r requirements.txt (line 9))
  Using cached torch-2.8.0-cp312-cp312-manylinux_2_28_x86_64.whl.metadata (30 kB)
Collecting torchmetrics==1.8.2 (from -r requirements.txt (line 10))
  Using cached torchmetrics-1.8.2-py3-none-any.whl.metadata (22 kB)
Collecting torchvision==0.23.0 (from -r requirements.txt (line 11))
  Using cached torchvision-0.23.0-cp312-cp312-manylinux_2_28_x86_64.whl.metadata (6.1 kB)
Collecting timm==1.0.20 (from -r requirements.txt (line 12))
  Using cached timm-1.0.20-py3-none-any.whl.metadata (61 kB)
Collecting scipy>=1.10.0 (from albumentations==2.0.8->-r requirements.txt (line 1))
  Using cached scipy-1.16.3-cp312-cp312-manylinux2014_x86_64.manylinux_2_17_x86_64.whl.metadata (62 kB)
Requirement already satisfied: PyYAML in /home/student03/miniconda3/envs/perspective/lib/python3.12/site-packages (from albumentations==2.0.8->-r requirements.txt (line 1)) (6.0.3)
Collecting pydantic>=2.9.2 (from albumentations==2.0.8->-r requirements.txt (line 1))
  Using cached pydantic-2.12.5-py3-none-any.whl.metadata (90 kB)
Collecting albucore==0.0.24 (from albumentations==2.0.8->-r requirements.txt (line 1))
  Using cached albucore-0.0.24-py3-none-any.whl.metadata (5.3 kB)
Collecting antlr4-python3-runtime==4.9.* (from hydra-core==1.3.2->-r requirements.txt (line 2))
  Using cached antlr4-python3-runtime-4.9.3.tar.gz (117 kB)
  Installing build dependencies: started
  Installing build dependencies: finished with status 'done'
  Getting requirements to build wheel: started
  Getting requirements to build wheel: finished with status 'done'
  Preparing metadata (pyproject.toml): started
  Preparing metadata (pyproject.toml): finished with status 'done'
Requirement already satisfied: packaging in /home/student03/miniconda3/envs/perspective/lib/python3.12/site-packages (from hydra-core==1.3.2->-r requirements.txt (line 2)) (25.0)
Requirement already satisfied: python-dateutil>=2.8.2 in /home/student03/miniconda3/envs/perspective/lib/python3.12/site-packages (from pandas==2.3.3->-r requirements.txt (line 7)) (2.9.0.post0)
Collecting pytz>=2020.1 (from pandas==2.3.3->-r requirements.txt (line 7))
  Using cached pytz-2025.2-py2.py3-none-any.whl.metadata (22 kB)
Collecting tzdata>=2022.7 (from pandas==2.3.3->-r requirements.txt (line 7))
  Using cached tzdata-2025.2-py2.py3-none-any.whl.metadata (1.4 kB)
Collecting tqdm>=4.57.0 (from pytorch-lightning==2.5.5->-r requirements.txt (line 8))
  Using cached tqdm-4.67.1-py3-none-any.whl.metadata (57 kB)
Collecting fsspec>=2022.5.0 (from fsspec[http]>=2022.5.0->pytorch-lightning==2.5.5->-r requirements.txt (line 8))
  Using cached fsspec-2025.12.0-py3-none-any.whl.metadata (10 kB)
Requirement already satisfied: typing-extensions>4.5.0 in /home/student03/miniconda3/envs/perspective/lib/python3.12/site-packages (from pytorch-lightning==2.5.5->-r requirements.txt (line 8)) (4.15.0)
Collecting lightning-utilities>=0.10.0 (from pytorch-lightning==2.5.5->-r requirements.txt (line 8))
  Using cached lightning_utilities-0.15.2-py3-none-any.whl.metadata (5.7 kB)
Collecting filelock (from torch==2.8.0->-r requirements.txt (line 9))
  Using cached filelock-3.20.0-py3-none-any.whl.metadata (2.1 kB)
Requirement already satisfied: setuptools in /home/student03/miniconda3/envs/perspective/lib/python3.12/site-packages (from torch==2.8.0->-r requirements.txt (line 9)) (80.9.0)
Collecting sympy>=1.13.3 (from torch==2.8.0->-r requirements.txt (line 9))
  Using cached sympy-1.14.0-py3-none-any.whl.metadata (12 kB)
Collecting networkx (from torch==2.8.0->-r requirements.txt (line 9))
  Using cached networkx-3.6-py3-none-any.whl.metadata (6.8 kB)
Requirement already satisfied: jinja2 in /home/student03/miniconda3/envs/perspective/lib/python3.12/site-packages (from torch==2.8.0->-r requirements.txt (line 9)) (3.1.6)
Collecting nvidia-cuda-nvrtc-cu12==12.8.93 (from torch==2.8.0->-r requirements.txt (line 9))
  Using cached nvidia_cuda_nvrtc_cu12-12.8.93-py3-none-manylinux2010_x86_64.manylinux_2_12_x86_64.whl.metadata (1.7 kB)
Collecting nvidia-cuda-runtime-cu12==12.8.90 (from torch==2.8.0->-r requirements.txt (line 9))
  Using cached nvidia_cuda_runtime_cu12-12.8.90-py3-none-manylinux2014_x86_64.manylinux_2_17_x86_64.whl.metadata (1.7 kB)
Collecting nvidia-cuda-cupti-cu12==12.8.90 (from torch==2.8.0->-r requirements.txt (line 9))
  Using cached nvidia_cuda_cupti_cu12-12.8.90-py3-none-manylinux2014_x86_64.manylinux_2_17_x86_64.whl.metadata (1.7 kB)
Collecting nvidia-cudnn-cu12==9.10.2.21 (from torch==2.8.0->-r requirements.txt (line 9))
  Using cached nvidia_cudnn_cu12-9.10.2.21-py3-none-manylinux_2_27_x86_64.whl.metadata (1.8 kB)
Collecting nvidia-cublas-cu12==12.8.4.1 (from torch==2.8.0->-r requirements.txt (line 9))
  Using cached nvidia_cublas_cu12-12.8.4.1-py3-none-manylinux_2_27_x86_64.whl.metadata (1.7 kB)
Collecting nvidia-cufft-cu12==11.3.3.83 (from torch==2.8.0->-r requirements.txt (line 9))
  Using cached nvidia_cufft_cu12-11.3.3.83-py3-none-manylinux2014_x86_64.manylinux_2_17_x86_64.whl.metadata (1.7 kB)
Collecting nvidia-curand-cu12==10.3.9.90 (from torch==2.8.0->-r requirements.txt (line 9))
  Using cached nvidia_curand_cu12-10.3.9.90-py3-none-manylinux_2_27_x86_64.whl.metadata (1.7 kB)
Collecting nvidia-cusolver-cu12==11.7.3.90 (from torch==2.8.0->-r requirements.txt (line 9))
  Using cached nvidia_cusolver_cu12-11.7.3.90-py3-none-manylinux_2_27_x86_64.whl.metadata (1.8 kB)
Collecting nvidia-cusparse-cu12==12.5.8.93 (from torch==2.8.0->-r requirements.txt (line 9))
  Using cached nvidia_cusparse_cu12-12.5.8.93-py3-none-manylinux2014_x86_64.manylinux_2_17_x86_64.whl.metadata (1.8 kB)
Collecting nvidia-cusparselt-cu12==0.7.1 (from torch==2.8.0->-r requirements.txt (line 9))
  Using cached nvidia_cusparselt_cu12-0.7.1-py3-none-manylinux2014_x86_64.whl.metadata (7.0 kB)
Collecting nvidia-nccl-cu12==2.27.3 (from torch==2.8.0->-r requirements.txt (line 9))
  Using cached nvidia_nccl_cu12-2.27.3-py3-none-manylinux2014_x86_64.manylinux_2_17_x86_64.whl.metadata (2.0 kB)
Collecting nvidia-nvtx-cu12==12.8.90 (from torch==2.8.0->-r requirements.txt (line 9))
  Using cached nvidia_nvtx_cu12-12.8.90-py3-none-manylinux2014_x86_64.manylinux_2_17_x86_64.whl.metadata (1.8 kB)
Collecting nvidia-nvjitlink-cu12==12.8.93 (from torch==2.8.0->-r requirements.txt (line 9))
  Using cached nvidia_nvjitlink_cu12-12.8.93-py3-none-manylinux2010_x86_64.manylinux_2_12_x86_64.whl.metadata (1.7 kB)
Collecting nvidia-cufile-cu12==1.13.1.3 (from torch==2.8.0->-r requirements.txt (line 9))
  Using cached nvidia_cufile_cu12-1.13.1.3-py3-none-manylinux2014_x86_64.manylinux_2_17_x86_64.whl.metadata (1.7 kB)
Collecting triton==3.4.0 (from torch==2.8.0->-r requirements.txt (line 9))
  Using cached triton-3.4.0-cp312-cp312-manylinux_2_27_x86_64.manylinux_2_28_x86_64.whl.metadata (1.7 kB)
Collecting pillow!=8.3.*,>=5.3.0 (from torchvision==0.23.0->-r requirements.txt (line 11))
  Using cached pillow-12.0.0-cp312-cp312-manylinux_2_27_x86_64.manylinux_2_28_x86_64.whl.metadata (8.8 kB)
Collecting huggingface_hub (from timm==1.0.20->-r requirements.txt (line 12))
  Using cached huggingface_hub-1.1.7-py3-none-any.whl.metadata (13 kB)
Collecting safetensors (from timm==1.0.20->-r requirements.txt (line 12))
  Using cached safetensors-0.7.0-cp38-abi3-manylinux_2_17_x86_64.manylinux2014_x86_64.whl.metadata (4.1 kB)
Collecting stringzilla>=3.10.4 (from albucore==0.0.24->albumentations==2.0.8->-r requirements.txt (line 1))
  Using cached stringzilla-4.4.1-cp312-cp312-manylinux_2_17_x86_64.manylinux2014_x86_64.manylinux_2_28_x86_64.whl.metadata (110 kB)
Collecting simsimd>=5.9.2 (from albucore==0.0.24->albumentations==2.0.8->-r requirements.txt (line 1))
  Using cached simsimd-6.5.3-cp312-cp312-manylinux_2_24_x86_64.manylinux_2_28_x86_64.whl.metadata (70 kB)
Collecting aiohttp!=4.0.0a0,!=4.0.0a1 (from fsspec[http]>=2022.5.0->pytorch-lightning==2.5.5->-r requirements.txt (line 8))
  Using cached aiohttp-3.13.2-cp312-cp312-manylinux2014_x86_64.manylinux_2_17_x86_64.manylinux_2_28_x86_64.whl.metadata (8.1 kB)
Collecting aiohappyeyeballs>=2.5.0 (from aiohttp!=4.0.0a0,!=4.0.0a1->fsspec[http]>=2022.5.0->pytorch-lightning==2.5.5->-r requirements.txt (line 8))
  Using cached aiohappyeyeballs-2.6.1-py3-none-any.whl.metadata (5.9 kB)
Collecting aiosignal>=1.4.0 (from aiohttp!=4.0.0a0,!=4.0.0a1->fsspec[http]>=2022.5.0->pytorch-lightning==2.5.5->-r requirements.txt (line 8))
  Using cached aiosignal-1.4.0-py3-none-any.whl.metadata (3.7 kB)
Requirement already satisfied: attrs>=17.3.0 in /home/student03/miniconda3/envs/perspective/lib/python3.12/site-packages (from aiohttp!=4.0.0a0,!=4.0.0a1->fsspec[http]>=2022.5.0->pytorch-lightning==2.5.5->-r requirements.txt (line 8)) (25.4.0)
Collecting frozenlist>=1.1.1 (from aiohttp!=4.0.0a0,!=4.0.0a1->fsspec[http]>=2022.5.0->pytorch-lightning==2.5.5->-r requirements.txt (line 8))
  Using cached frozenlist-1.8.0-cp312-cp312-manylinux1_x86_64.manylinux_2_28_x86_64.manylinux_2_5_x86_64.whl.metadata (20 kB)
Collecting multidict<7.0,>=4.5 (from aiohttp!=4.0.0a0,!=4.0.0a1->fsspec[http]>=2022.5.0->pytorch-lightning==2.5.5->-r requirements.txt (line 8))
  Using cached multidict-6.7.0-cp312-cp312-manylinux2014_x86_64.manylinux_2_17_x86_64.manylinux_2_28_x86_64.whl.metadata (5.3 kB)
Collecting propcache>=0.2.0 (from aiohttp!=4.0.0a0,!=4.0.0a1->fsspec[http]>=2022.5.0->pytorch-lightning==2.5.5->-r requirements.txt (line 8))
  Using cached propcache-0.4.1-cp312-cp312-manylinux2014_x86_64.manylinux_2_17_x86_64.manylinux_2_28_x86_64.whl.metadata (13 kB)
Collecting yarl<2.0,>=1.17.0 (from aiohttp!=4.0.0a0,!=4.0.0a1->fsspec[http]>=2022.5.0->pytorch-lightning==2.5.5->-r requirements.txt (line 8))
  Using cached yarl-1.22.0-cp312-cp312-manylinux2014_x86_64.manylinux_2_17_x86_64.manylinux_2_28_x86_64.whl.metadata (75 kB)
Requirement already satisfied: idna>=2.0 in /home/student03/miniconda3/envs/perspective/lib/python3.12/site-packages (from yarl<2.0,>=1.17.0->aiohttp!=4.0.0a0,!=4.0.0a1->fsspec[http]>=2022.5.0->pytorch-lightning==2.5.5->-r requirements.txt (line 8)) (3.11)
Collecting annotated-types>=0.6.0 (from pydantic>=2.9.2->albumentations==2.0.8->-r requirements.txt (line 1))
  Using cached annotated_types-0.7.0-py3-none-any.whl.metadata (15 kB)
Collecting pydantic-core==2.41.5 (from pydantic>=2.9.2->albumentations==2.0.8->-r requirements.txt (line 1))
  Using cached pydantic_core-2.41.5-cp312-cp312-manylinux_2_17_x86_64.manylinux2014_x86_64.whl.metadata (7.3 kB)
Collecting typing-inspection>=0.4.2 (from pydantic>=2.9.2->albumentations==2.0.8->-r requirements.txt (line 1))
  Using cached typing_inspection-0.4.2-py3-none-any.whl.metadata (2.6 kB)
Requirement already satisfied: six>=1.5 in /home/student03/miniconda3/envs/perspective/lib/python3.12/site-packages (from python-dateutil>=2.8.2->pandas==2.3.3->-r requirements.txt (line 7)) (1.17.0)
Collecting mpmath<1.4,>=1.1.0 (from sympy>=1.13.3->torch==2.8.0->-r requirements.txt (line 9))
  Using cached mpmath-1.3.0-py3-none-any.whl.metadata (8.6 kB)
Collecting hf-xet<2.0.0,>=1.2.0 (from huggingface_hub->timm==1.0.20->-r requirements.txt (line 12))
  Using cached hf_xet-1.2.0-cp37-abi3-manylinux_2_17_x86_64.manylinux2014_x86_64.whl.metadata (4.9 kB)
Requirement already satisfied: httpx<1,>=0.23.0 in /home/student03/miniconda3/envs/perspective/lib/python3.12/site-packages (from huggingface_hub->timm==1.0.20->-r requirements.txt (line 12)) (0.28.1)
Collecting shellingham (from huggingface_hub->timm==1.0.20->-r requirements.txt (line 12))
  Using cached shellingham-1.5.4-py2.py3-none-any.whl.metadata (3.5 kB)
Collecting typer-slim (from huggingface_hub->timm==1.0.20->-r requirements.txt (line 12))
  Using cached typer_slim-0.20.0-py3-none-any.whl.metadata (16 kB)
Requirement already satisfied: anyio in /home/student03/miniconda3/envs/perspective/lib/python3.12/site-packages (from httpx<1,>=0.23.0->huggingface_hub->timm==1.0.20->-r requirements.txt (line 12)) (4.10.0)
Requirement already satisfied: certifi in /home/student03/miniconda3/envs/perspective/lib/python3.12/site-packages (from httpx<1,>=0.23.0->huggingface_hub->timm==1.0.20->-r requirements.txt (line 12)) (2025.11.12)
Requirement already satisfied: httpcore==1.* in /home/student03/miniconda3/envs/perspective/lib/python3.12/site-packages (from httpx<1,>=0.23.0->huggingface_hub->timm==1.0.20->-r requirements.txt (line 12)) (1.0.9)
Requirement already satisfied: h11>=0.16 in /home/student03/miniconda3/envs/perspective/lib/python3.12/site-packages (from httpcore==1.*->httpx<1,>=0.23.0->huggingface_hub->timm==1.0.20->-r requirements.txt (line 12)) (0.16.0)
Requirement already satisfied: sniffio>=1.1 in /home/student03/miniconda3/envs/perspective/lib/python3.12/site-packages (from anyio->httpx<1,>=0.23.0->huggingface_hub->timm==1.0.20->-r requirements.txt (line 12)) (1.3.1)
Requirement already satisfied: MarkupSafe>=2.0 in /home/student03/miniconda3/envs/perspective/lib/python3.12/site-packages (from jinja2->torch==2.8.0->-r requirements.txt (line 9)) (3.0.2)
Collecting click>=8.0.0 (from typer-slim->huggingface_hub->timm==1.0.20->-r requirements.txt (line 12))
  Using cached click-8.3.1-py3-none-any.whl.metadata (2.6 kB)
Using cached albumentations-2.0.8-py3-none-any.whl (369 kB)
Using cached hydra_core-1.3.2-py3-none-any.whl (154 kB)
Using cached omegaconf-2.3.0-py3-none-any.whl (79 kB)
Using cached opencv_python_headless-4.12.0.88-cp37-abi3-manylinux2014_x86_64.manylinux_2_17_x86_64.whl (54.0 MB)
Using cached numpy-2.2.6-cp312-cp312-manylinux_2_17_x86_64.manylinux2014_x86_64.whl (16.5 MB)
Using cached scikit_multilearn-0.2.0-py3-none-any.whl (89 kB)
Using cached pandas-2.3.3-cp312-cp312-manylinux_2_24_x86_64.manylinux_2_28_x86_64.whl (12.4 MB)
Using cached pytorch_lightning-2.5.5-py3-none-any.whl (832 kB)
Using cached torch-2.8.0-cp312-cp312-manylinux_2_28_x86_64.whl (887.9 MB)
Using cached torchmetrics-1.8.2-py3-none-any.whl (983 kB)
Using cached torchvision-0.23.0-cp312-cp312-manylinux_2_28_x86_64.whl (8.6 MB)
Using cached timm-1.0.20-py3-none-any.whl (2.5 MB)
Using cached albucore-0.0.24-py3-none-any.whl (15 kB)
Downloading nvidia_cublas_cu12-12.8.4.1-py3-none-manylinux_2_27_x86_64.whl (594.3 MB)
   ━━━━━━━━━━━━━━━━━━━━━━━━━━━━━━━━━━━━━━━━ 594.3/594.3 MB 32.2 MB/s  0:00:14
Downloading nvidia_cuda_cupti_cu12-12.8.90-py3-none-manylinux2014_x86_64.manylinux_2_17_x86_64.whl (10.2 MB)
   ━━━━━━━━━━━━━━━━━━━━━━━━━━━━━━━━━━━━━━━━ 10.2/10.2 MB 24.7 MB/s  0:00:00
Downloading nvidia_cuda_nvrtc_cu12-12.8.93-py3-none-manylinux2010_x86_64.manylinux_2_12_x86_64.whl (88.0 MB)
   ━━━━━━━━━━━━━━━━━━━━━━━━━━━━━━━━━━━━━━━━ 88.0/88.0 MB 39.0 MB/s  0:00:02
Downloading nvidia_cuda_runtime_cu12-12.8.90-py3-none-manylinux2014_x86_64.manylinux_2_17_x86_64.whl (954 kB)
   ━━━━━━━━━━━━━━━━━━━━━━━━━━━━━━━━━━━━━━━━ 954.8/954.8 kB 6.9 MB/s  0:00:00
Downloading nvidia_cudnn_cu12-9.10.2.21-py3-none-manylinux_2_27_x86_64.whl (706.8 MB)
   ━━━━━━━━━━━━━━━━━━━━━━━━━━━━━━━━━━━━━━━━ 706.8/706.8 MB 34.1 MB/s  0:00:16
Downloading nvidia_cufft_cu12-11.3.3.83-py3-none-manylinux2014_x86_64.manylinux_2_17_x86_64.whl (193.1 MB)
   ━━━━━━━━━━━━━━━━━━━━━━━━━━━━━━━━━━━━━━━━ 193.1/193.1 MB 38.3 MB/s  0:00:05
Downloading nvidia_cufile_cu12-1.13.1.3-py3-none-manylinux2014_x86_64.manylinux_2_17_x86_64.whl (1.2 MB)
   ━━━━━━━━━━━━━━━━━━━━━━━━━━━━━━━━━━━━━━━━ 1.2/1.2 MB 5.5 MB/s  0:00:00
Downloading nvidia_curand_cu12-10.3.9.90-py3-none-manylinux_2_27_x86_64.whl (63.6 MB)
   ━━━━━━━━━━━━━━━━━━━━━━━━━━━━━━━━━━━━━━━━ 63.6/63.6 MB 29.4 MB/s  0:00:02
Downloading nvidia_cusolver_cu12-11.7.3.90-py3-none-manylinux_2_27_x86_64.whl (267.5 MB)
   ━━━━━━━━━━━━━━━━━━━━━━━━━━━━━━━━━━━━━━━━ 267.5/267.5 MB 40.2 MB/s  0:00:06
Downloading nvidia_cusparse_cu12-12.5.8.93-py3-none-manylinux2014_x86_64.manylinux_2_17_x86_64.whl (288.2 MB)
   ━━━━━━━━━━━━━━━━━━━━━━━━━━━━━━━━━━━━━━━━ 288.2/288.2 MB 40.6 MB/s  0:00:06
Downloading nvidia_cusparselt_cu12-0.7.1-py3-none-manylinux2014_x86_64.whl (287.2 MB)
   ━━━━━━━━━━━━━━━━━━━━━━━━━━━━━━━━━━━━━━━━ 287.2/287.2 MB 39.4 MB/s  0:00:07
Downloading nvidia_nccl_cu12-2.27.3-py3-none-manylinux2014_x86_64.manylinux_2_17_x86_64.whl (322.4 MB)
   ━━━━━━━━━━━━━━━━━━━━━━━━━━━━━━━━━━━━━━━━ 322.4/322.4 MB 39.0 MB/s  0:00:07
Downloading nvidia_nvjitlink_cu12-12.8.93-py3-none-manylinux2010_x86_64.manylinux_2_12_x86_64.whl (39.3 MB)
   ━━━━━━━━━━━━━━━━━━━━━━━━━━━━━━━━━━━━━━━━ 39.3/39.3 MB 32.2 MB/s  0:00:01
Downloading nvidia_nvtx_cu12-12.8.90-py3-none-manylinux2014_x86_64.manylinux_2_17_x86_64.whl (89 kB)
Downloading triton-3.4.0-cp312-cp312-manylinux_2_27_x86_64.manylinux_2_28_x86_64.whl (155.6 MB)
   ━━━━━━━━━━━━━━━━━━━━━━━━━━━━━━━━━━━━━━━━ 155.6/155.6 MB 36.5 MB/s  0:00:04
Downloading fsspec-2025.12.0-py3-none-any.whl (201 kB)
Downloading aiohttp-3.13.2-cp312-cp312-manylinux2014_x86_64.manylinux_2_17_x86_64.manylinux_2_28_x86_64.whl (1.8 MB)
   ━━━━━━━━━━━━━━━━━━━━━━━━━━━━━━━━━━━━━━━━ 1.8/1.8 MB 3.5 MB/s  0:00:00
Downloading multidict-6.7.0-cp312-cp312-manylinux2014_x86_64.manylinux_2_17_x86_64.manylinux_2_28_x86_64.whl (256 kB)
Downloading yarl-1.22.0-cp312-cp312-manylinux2014_x86_64.manylinux_2_17_x86_64.manylinux_2_28_x86_64.whl (377 kB)
Downloading aiohappyeyeballs-2.6.1-py3-none-any.whl (15 kB)
Downloading aiosignal-1.4.0-py3-none-any.whl (7.5 kB)
Downloading frozenlist-1.8.0-cp312-cp312-manylinux1_x86_64.manylinux_2_28_x86_64.manylinux_2_5_x86_64.whl (242 kB)
Downloading lightning_utilities-0.15.2-py3-none-any.whl (29 kB)
Downloading pillow-12.0.0-cp312-cp312-manylinux_2_27_x86_64.manylinux_2_28_x86_64.whl (7.0 MB)
   ━━━━━━━━━━━━━━━━━━━━━━━━━━━━━━━━━━━━━━━━ 7.0/7.0 MB 15.8 MB/s  0:00:00
Downloading propcache-0.4.1-cp312-cp312-manylinux2014_x86_64.manylinux_2_17_x86_64.manylinux_2_28_x86_64.whl (221 kB)
Downloading pydantic-2.12.5-py3-none-any.whl (463 kB)
Downloading pydantic_core-2.41.5-cp312-cp312-manylinux_2_17_x86_64.manylinux2014_x86_64.whl (2.1 MB)
   ━━━━━━━━━━━━━━━━━━━━━━━━━━━━━━━━━━━━━━━━ 2.1/2.1 MB 8.6 MB/s  0:00:00
Downloading annotated_types-0.7.0-py3-none-any.whl (13 kB)
Downloading pytz-2025.2-py2.py3-none-any.whl (509 kB)
Downloading scipy-1.16.3-cp312-cp312-manylinux2014_x86_64.manylinux_2_17_x86_64.whl (35.7 MB)
   ━━━━━━━━━━━━━━━━━━━━━━━━━━━━━━━━━━━━━━━━ 35.7/35.7 MB 32.7 MB/s  0:00:01
Downloading simsimd-6.5.3-cp312-cp312-manylinux_2_24_x86_64.manylinux_2_28_x86_64.whl (1.1 MB)
   ━━━━━━━━━━━━━━━━━━━━━━━━━━━━━━━━━━━━━━━━ 1.1/1.1 MB 7.1 MB/s  0:00:00
Downloading stringzilla-4.4.1-cp312-cp312-manylinux_2_17_x86_64.manylinux2014_x86_64.manylinux_2_28_x86_64.whl (844 kB)
   ━━━━━━━━━━━━━━━━━━━━━━━━━━━━━━━━━━━━━━━━ 844.5/844.5 kB 3.1 MB/s  0:00:00
Downloading sympy-1.14.0-py3-none-any.whl (6.3 MB)
   ━━━━━━━━━━━━━━━━━━━━━━━━━━━━━━━━━━━━━━━━ 6.3/6.3 MB 17.5 MB/s  0:00:00
Downloading mpmath-1.3.0-py3-none-any.whl (536 kB)
   ━━━━━━━━━━━━━━━━━━━━━━━━━━━━━━━━━━━━━━━━ 536.2/536.2 kB 1.6 MB/s  0:00:00
Downloading tqdm-4.67.1-py3-none-any.whl (78 kB)
Downloading typing_inspection-0.4.2-py3-none-any.whl (14 kB)
Downloading tzdata-2025.2-py2.py3-none-any.whl (347 kB)
Downloading filelock-3.20.0-py3-none-any.whl (16 kB)
Downloading huggingface_hub-1.1.7-py3-none-any.whl (516 kB)
Downloading hf_xet-1.2.0-cp37-abi3-manylinux_2_17_x86_64.manylinux2014_x86_64.whl (3.3 MB)
   ━━━━━━━━━━━━━━━━━━━━━━━━━━━━━━━━━━━━━━━━ 3.3/3.3 MB 14.5 MB/s  0:00:00
Downloading networkx-3.6-py3-none-any.whl (2.1 MB)
   ━━━━━━━━━━━━━━━━━━━━━━━━━━━━━━━━━━━━━━━━ 2.1/2.1 MB 14.3 MB/s  0:00:00
Downloading safetensors-0.7.0-cp38-abi3-manylinux_2_17_x86_64.manylinux2014_x86_64.whl (507 kB)
Downloading shellingham-1.5.4-py2.py3-none-any.whl (9.8 kB)
Downloading typer_slim-0.20.0-py3-none-any.whl (47 kB)
Downloading click-8.3.1-py3-none-any.whl (108 kB)
Building wheels for collected packages: antlr4-python3-runtime
  Building wheel for antlr4-python3-runtime (pyproject.toml): started
  Building wheel for antlr4-python3-runtime (pyproject.toml): finished with status 'done'
  Created wheel for antlr4-python3-runtime: filename=antlr4_python3_runtime-4.9.3-py3-none-any.whl size=144591 sha256=4970f9e7facc6ff8436d47aa1770a95f6d4910027524ac21b0c3128fb64d4e60
  Stored in directory: /home/student03/.cache/pip/wheels/1f/be/48/13754633f1d08d1fbfc60d5e80ae1e5d7329500477685286cd
Successfully built antlr4-python3-runtime
Installing collected packages: simsimd, scikit-multilearn, pytz, nvidia-cusparselt-cu12, mpmath, antlr4-python3-runtime, tzdata, typing-inspection, triton, tqdm, sympy, stringzilla, shellingham, safetensors, pydantic-core, propcache, pillow, omegaconf, nvidia-nvtx-cu12, nvidia-nvjitlink-cu12, nvidia-nccl-cu12, nvidia-curand-cu12, nvidia-cufile-cu12, nvidia-cuda-runtime-cu12, nvidia-cuda-nvrtc-cu12, nvidia-cuda-cupti-cu12, nvidia-cublas-cu12, numpy, networkx, multidict, lightning-utilities, hf-xet, fsspec, frozenlist, filelock, click, annotated-types, aiohappyeyeballs, yarl, typer-slim, scipy, pydantic, pandas, opencv-python-headless, nvidia-cusparse-cu12, nvidia-cufft-cu12, nvidia-cudnn-cu12, hydra-core, aiosignal, nvidia-cusolver-cu12, huggingface_hub, albucore, aiohttp, torch, albumentations, torchvision, torchmetrics, timm, pytorch-lightning

Successfully installed aiohappyeyeballs-2.6.1 aiohttp-3.13.2 aiosignal-1.4.0 albucore-0.0.24 albumentations-2.0.8 annotated-types-0.7.0 antlr4-python3-runtime-4.9.3 click-8.3.1 filelock-3.20.0 frozenlist-1.8.0 fsspec-2025.12.0 hf-xet-1.2.0 huggingface_hub-1.1.7 hydra-core-1.3.2 lightning-utilities-0.15.2 mpmath-1.3.0 multidict-6.7.0 networkx-3.6 numpy-2.2.6 nvidia-cublas-cu12-12.8.4.1 nvidia-cuda-cupti-cu12-12.8.90 nvidia-cuda-nvrtc-cu12-12.8.93 nvidia-cuda-runtime-cu12-12.8.90 nvidia-cudnn-cu12-9.10.2.21 nvidia-cufft-cu12-11.3.3.83 nvidia-cufile-cu12-1.13.1.3 nvidia-curand-cu12-10.3.9.90 nvidia-cusolver-cu12-11.7.3.90 nvidia-cusparse-cu12-12.5.8.93 nvidia-cusparselt-cu12-0.7.1 nvidia-nccl-cu12-2.27.3 nvidia-nvjitlink-cu12-12.8.93 nvidia-nvtx-cu12-12.8.90 omegaconf-2.3.0 opencv-python-headless-4.12.0.88 pandas-2.3.3 pillow-12.0.0 propcache-0.4.1 pydantic-2.12.5 pydantic-core-2.41.5 pytorch-lightning-2.5.5 pytz-2025.2 safetensors-0.7.0 scikit-multilearn-0.2.0 scipy-1.16.3 shellingham-1.5.4 simsimd-6.5.3 stringzilla-4.4.1 sympy-1.14.0 timm-1.0.20 torch-2.8.0 torchmetrics-1.8.2 torchvision-0.23.0 tqdm-4.67.1 triton-3.4.0 typer-slim-0.20.0 typing-inspection-0.4.2 tzdata-2025.2 yarl-1.22.0
