[2025-11-09 16:21:06,150][root][INFO] - Deduplicated dataset: 3400
[2025-11-09 16:21:06,184][root][INFO] - Final dataset: 3400
[2025-11-09 16:21:06,184][root][INFO] - Train dataset: 2720
[2025-11-09 16:21:06,184][root][INFO] - Valid dataset: 340
[2025-11-09 16:21:06,185][root][INFO] - Test dataset: 340
[2025-11-09 16:21:06,201][root][INFO] - Datasets successfully saved!
[2025-11-09 16:21:06,568][timm.models._builder][INFO] - Loading pretrained weights from Hugging Face hub (timm/resnet18.a1_in1k)
[2025-11-09 16:21:06,956][httpx][INFO] - HTTP Request: HEAD https://huggingface.co/timm/resnet18.a1_in1k/resolve/main/model.safetensors "HTTP/1.1 302 Found"
[2025-11-09 16:21:06,957][timm.models._hub][INFO] - [timm/resnet18.a1_in1k] Safe alternative available for 'pytorch_model.bin' (as 'model.safetensors'). Loading weights using safetensors.
[2025-11-09 16:24:03,884][root][INFO] - Deduplicated dataset: 3400
[2025-11-09 16:24:03,997][root][INFO] - Final dataset: 3400
[2025-11-09 16:24:03,999][root][INFO] - Train dataset: 2720
[2025-11-09 16:24:03,999][root][INFO] - Valid dataset: 340
[2025-11-09 16:24:03,999][root][INFO] - Test dataset: 340
[2025-11-09 16:24:04,017][root][INFO] - Datasets successfully saved!
[2025-11-09 16:24:04,399][timm.models._builder][INFO] - Loading pretrained weights from Hugging Face hub (timm/resnet18.a1_in1k)
[2025-11-09 16:24:04,877][httpx][INFO] - HTTP Request: HEAD https://huggingface.co/timm/resnet18.a1_in1k/resolve/main/model.safetensors "HTTP/1.1 302 Found"
[2025-11-09 16:24:04,882][timm.models._hub][INFO] - [timm/resnet18.a1_in1k] Safe alternative available for 'pytorch_model.bin' (as 'model.safetensors'). Loading weights using safetensors.
[2025-11-09 16:25:49,776][root][INFO] - Deduplicated dataset: 3400
[2025-11-09 16:25:49,811][root][INFO] - Final dataset: 3400
[2025-11-09 16:25:49,811][root][INFO] - Train dataset: 2720
[2025-11-09 16:25:49,811][root][INFO] - Valid dataset: 340
[2025-11-09 16:25:49,811][root][INFO] - Test dataset: 340
[2025-11-09 16:25:49,827][root][INFO] - Datasets successfully saved!
[2025-11-09 16:26:02,271][root][INFO] - Deduplicated dataset: 3400
[2025-11-09 16:26:02,385][root][INFO] - Final dataset: 3400
[2025-11-09 16:26:02,386][root][INFO] - Train dataset: 2720
[2025-11-09 16:26:02,386][root][INFO] - Valid dataset: 340
[2025-11-09 16:26:02,386][root][INFO] - Test dataset: 340
[2025-11-09 16:26:02,403][root][INFO] - Datasets successfully saved!
[2025-11-09 16:26:37,498][root][INFO] - Deduplicated dataset: 3400
[2025-11-09 16:26:37,614][root][INFO] - Final dataset: 3400
[2025-11-09 16:26:37,615][root][INFO] - Train dataset: 2720
[2025-11-09 16:26:37,616][root][INFO] - Valid dataset: 340
[2025-11-09 16:26:37,616][root][INFO] - Test dataset: 340
[2025-11-09 16:26:37,634][root][INFO] - Datasets successfully saved!
[2025-11-09 16:27:06,917][root][INFO] - Deduplicated dataset: 3400
[2025-11-09 16:27:07,030][root][INFO] - Final dataset: 3400
[2025-11-09 16:27:07,031][root][INFO] - Train dataset: 2720
[2025-11-09 16:27:07,031][root][INFO] - Valid dataset: 340
[2025-11-09 16:27:07,031][root][INFO] - Test dataset: 340
[2025-11-09 16:27:07,049][root][INFO] - Datasets successfully saved!
[2025-11-09 16:27:32,037][root][INFO] - Deduplicated dataset: 3400
[2025-11-09 16:27:32,071][root][INFO] - Final dataset: 3400
[2025-11-09 16:27:32,072][root][INFO] - Train dataset: 2720
[2025-11-09 16:27:32,072][root][INFO] - Valid dataset: 340
[2025-11-09 16:27:32,072][root][INFO] - Test dataset: 340
[2025-11-09 16:27:32,088][root][INFO] - Datasets successfully saved!
[2025-11-09 16:38:57,347][root][INFO] - Deduplicated dataset: 3400
[2025-11-09 16:38:57,459][root][INFO] - Final dataset: 3400
[2025-11-09 16:38:57,460][root][INFO] - Train dataset: 2720
[2025-11-09 16:38:57,460][root][INFO] - Valid dataset: 340
[2025-11-09 16:38:57,461][root][INFO] - Test dataset: 340
[2025-11-09 16:38:57,478][root][INFO] - Datasets successfully saved!
[2025-11-09 23:09:42,139][root][INFO] - Deduplicated dataset: 3400
[2025-11-09 23:09:42,290][root][INFO] - Final dataset: 3400
[2025-11-09 23:09:42,291][root][INFO] - Train dataset: 2720
[2025-11-09 23:09:42,291][root][INFO] - Valid dataset: 340
[2025-11-09 23:09:42,291][root][INFO] - Test dataset: 340
[2025-11-09 23:09:42,310][root][INFO] - Datasets successfully saved!
[2025-11-09 23:10:40,907][root][INFO] - Deduplicated dataset: 3400
[2025-11-09 23:10:41,023][root][INFO] - Final dataset: 3400
[2025-11-09 23:10:41,025][root][INFO] - Train dataset: 2720
[2025-11-09 23:10:41,025][root][INFO] - Valid dataset: 340
[2025-11-09 23:10:41,025][root][INFO] - Test dataset: 340
[2025-11-09 23:10:41,043][root][INFO] - Datasets successfully saved!
[2025-11-09 23:11:41,040][root][INFO] - Deduplicated dataset: 3400
[2025-11-09 23:11:41,161][root][INFO] - Final dataset: 3400
[2025-11-09 23:11:41,162][root][INFO] - Train dataset: 2720
[2025-11-09 23:11:41,162][root][INFO] - Valid dataset: 340
[2025-11-09 23:11:41,162][root][INFO] - Test dataset: 340
[2025-11-09 23:11:41,181][root][INFO] - Datasets successfully saved!
[2025-11-09 23:13:47,764][root][INFO] - Deduplicated dataset: 3400
[2025-11-09 23:13:47,882][root][INFO] - Final dataset: 3400
[2025-11-09 23:13:47,883][root][INFO] - Train dataset: 2720
[2025-11-09 23:13:47,884][root][INFO] - Valid dataset: 340
[2025-11-09 23:13:47,884][root][INFO] - Test dataset: 340
[2025-11-09 23:13:47,902][root][INFO] - Datasets successfully saved!
[2025-11-09 23:19:37,395][root][INFO] - Deduplicated dataset: 3400
[2025-11-09 23:19:37,522][root][INFO] - Final dataset: 3400
[2025-11-09 23:19:37,523][root][INFO] - Train dataset: 2720
[2025-11-09 23:19:37,524][root][INFO] - Valid dataset: 340
[2025-11-09 23:19:37,524][root][INFO] - Test dataset: 340
[2025-11-09 23:19:37,543][root][INFO] - Datasets successfully saved!
[2025-11-09 23:27:59,425][root][INFO] - Deduplicated dataset: 3400
[2025-11-09 23:27:59,540][root][INFO] - Final dataset: 3400
[2025-11-09 23:27:59,542][root][INFO] - Train dataset: 2720
[2025-11-09 23:27:59,542][root][INFO] - Valid dataset: 340
[2025-11-09 23:27:59,542][root][INFO] - Test dataset: 340
[2025-11-09 23:27:59,560][root][INFO] - Datasets successfully saved!
[2025-11-09 23:29:33,432][root][INFO] - Deduplicated dataset: 3400
[2025-11-09 23:29:33,546][root][INFO] - Final dataset: 3400
[2025-11-09 23:29:33,548][root][INFO] - Train dataset: 2720
[2025-11-09 23:29:33,548][root][INFO] - Valid dataset: 340
[2025-11-09 23:29:33,548][root][INFO] - Test dataset: 340
[2025-11-09 23:29:33,566][root][INFO] - Datasets successfully saved!
[2025-11-09 23:33:36,160][root][INFO] - Deduplicated dataset: 3400
[2025-11-09 23:33:36,276][root][INFO] - Final dataset: 3400
[2025-11-09 23:33:36,278][root][INFO] - Train dataset: 2720
[2025-11-09 23:33:36,278][root][INFO] - Valid dataset: 340
[2025-11-09 23:33:36,278][root][INFO] - Test dataset: 340
[2025-11-09 23:33:36,296][root][INFO] - Datasets successfully saved!
[2025-11-09 23:33:37,746][httpx][INFO] - HTTP Request: HEAD https://huggingface.co/smp-hub/resnet34.imagenet/resolve/7a57b34f723329ff020b3f8bc41771163c519d0c/config.json "HTTP/1.1 307 Temporary Redirect"
[2025-11-09 23:33:37,926][httpx][INFO] - HTTP Request: HEAD https://huggingface.co/api/resolve-cache/models/smp-hub/resnet34.imagenet/7a57b34f723329ff020b3f8bc41771163c519d0c/config.json "HTTP/1.1 200 OK"
[2025-11-09 23:33:38,119][httpx][INFO] - HTTP Request: GET https://huggingface.co/api/resolve-cache/models/smp-hub/resnet34.imagenet/7a57b34f723329ff020b3f8bc41771163c519d0c/config.json "HTTP/1.1 200 OK"
[2025-11-09 23:33:38,321][httpx][INFO] - HTTP Request: HEAD https://huggingface.co/smp-hub/resnet34.imagenet/resolve/7a57b34f723329ff020b3f8bc41771163c519d0c/model.safetensors "HTTP/1.1 302 Found"
[2025-11-09 23:33:38,614][httpx][INFO] - HTTP Request: GET https://huggingface.co/api/models/smp-hub/resnet34.imagenet/xet-read-token/7a57b34f723329ff020b3f8bc41771163c519d0c "HTTP/1.1 200 OK"
[2025-11-09 23:37:57,735][root][INFO] - Deduplicated dataset: 3400
[2025-11-09 23:37:57,852][root][INFO] - Final dataset: 3400
[2025-11-09 23:37:57,854][root][INFO] - Train dataset: 2720
[2025-11-09 23:37:57,854][root][INFO] - Valid dataset: 340
[2025-11-09 23:37:57,854][root][INFO] - Test dataset: 340
[2025-11-09 23:37:57,873][root][INFO] - Datasets successfully saved!
[2025-11-09 23:40:12,870][root][INFO] - Deduplicated dataset: 3400
[2025-11-09 23:40:12,987][root][INFO] - Final dataset: 3400
[2025-11-09 23:40:12,989][root][INFO] - Train dataset: 2720
[2025-11-09 23:40:12,989][root][INFO] - Valid dataset: 340
[2025-11-09 23:40:12,989][root][INFO] - Test dataset: 340
[2025-11-09 23:40:13,008][root][INFO] - Datasets successfully saved!
[2025-11-09 23:40:37,833][root][INFO] - Deduplicated dataset: 3400
[2025-11-09 23:40:37,948][root][INFO] - Final dataset: 3400
[2025-11-09 23:40:37,949][root][INFO] - Train dataset: 2720
[2025-11-09 23:40:37,949][root][INFO] - Valid dataset: 340
[2025-11-09 23:40:37,949][root][INFO] - Test dataset: 340
[2025-11-09 23:40:37,968][root][INFO] - Datasets successfully saved!
[2025-11-09 23:44:43,227][root][INFO] - Deduplicated dataset: 3400
[2025-11-09 23:44:43,340][root][INFO] - Final dataset: 3400
[2025-11-09 23:44:43,341][root][INFO] - Train dataset: 2720
[2025-11-09 23:44:43,341][root][INFO] - Valid dataset: 340
[2025-11-09 23:44:43,341][root][INFO] - Test dataset: 340
[2025-11-09 23:44:43,359][root][INFO] - Datasets successfully saved!
[2025-11-09 23:45:32,822][root][INFO] - Deduplicated dataset: 3400
[2025-11-09 23:45:32,934][root][INFO] - Final dataset: 3400
[2025-11-09 23:45:32,935][root][INFO] - Train dataset: 2720
[2025-11-09 23:45:32,935][root][INFO] - Valid dataset: 340
[2025-11-09 23:45:32,935][root][INFO] - Test dataset: 340
[2025-11-09 23:45:32,953][root][INFO] - Datasets successfully saved!
[2025-11-09 23:48:46,850][root][INFO] - Deduplicated dataset: 3400
[2025-11-09 23:48:46,962][root][INFO] - Final dataset: 3400
[2025-11-09 23:48:46,963][root][INFO] - Train dataset: 2720
[2025-11-09 23:48:46,963][root][INFO] - Valid dataset: 340
[2025-11-09 23:48:46,963][root][INFO] - Test dataset: 340
[2025-11-09 23:48:46,981][root][INFO] - Datasets successfully saved!
[2025-11-09 23:49:33,032][root][INFO] - Deduplicated dataset: 3400
[2025-11-09 23:49:33,142][root][INFO] - Final dataset: 3400
[2025-11-09 23:49:33,144][root][INFO] - Train dataset: 2720
[2025-11-09 23:49:33,144][root][INFO] - Valid dataset: 340
[2025-11-09 23:49:33,144][root][INFO] - Test dataset: 340
[2025-11-09 23:49:33,161][root][INFO] - Datasets successfully saved!
[2025-11-10 00:01:45,366][root][INFO] - Deduplicated dataset: 3400
[2025-11-10 00:01:45,478][root][INFO] - Final dataset: 3400
[2025-11-10 00:01:45,479][root][INFO] - Train dataset: 2720
[2025-11-10 00:01:45,479][root][INFO] - Valid dataset: 340
[2025-11-10 00:01:45,479][root][INFO] - Test dataset: 340
[2025-11-10 00:01:45,496][root][INFO] - Datasets successfully saved!
[2025-11-10 00:03:38,409][root][INFO] - Deduplicated dataset: 3400
[2025-11-10 00:03:38,522][root][INFO] - Final dataset: 3400
[2025-11-10 00:03:38,523][root][INFO] - Train dataset: 2720
[2025-11-10 00:03:38,523][root][INFO] - Valid dataset: 340
[2025-11-10 00:03:38,523][root][INFO] - Test dataset: 340
[2025-11-10 00:03:38,541][root][INFO] - Datasets successfully saved!
[2025-11-10 00:05:01,491][root][INFO] - Deduplicated dataset: 3400
[2025-11-10 00:05:01,606][root][INFO] - Final dataset: 3400
[2025-11-10 00:05:01,607][root][INFO] - Train dataset: 2720
[2025-11-10 00:05:01,607][root][INFO] - Valid dataset: 340
[2025-11-10 00:05:01,607][root][INFO] - Test dataset: 340
[2025-11-10 00:05:01,625][root][INFO] - Datasets successfully saved!
[2025-11-10 00:05:54,199][root][INFO] - Deduplicated dataset: 3400
[2025-11-10 00:05:54,314][root][INFO] - Final dataset: 3400
[2025-11-10 00:05:54,315][root][INFO] - Train dataset: 2720
[2025-11-10 00:05:54,316][root][INFO] - Valid dataset: 340
[2025-11-10 00:05:54,316][root][INFO] - Test dataset: 340
[2025-11-10 00:05:54,334][root][INFO] - Datasets successfully saved!
[2025-11-10 00:06:35,348][root][INFO] - Deduplicated dataset: 3400
[2025-11-10 00:06:35,459][root][INFO] - Final dataset: 3400
[2025-11-10 00:06:35,460][root][INFO] - Train dataset: 2720
[2025-11-10 00:06:35,460][root][INFO] - Valid dataset: 340
[2025-11-10 00:06:35,461][root][INFO] - Test dataset: 340
[2025-11-10 00:06:35,478][root][INFO] - Datasets successfully saved!
[2025-11-10 00:07:24,977][root][INFO] - Deduplicated dataset: 3400
[2025-11-10 00:07:25,088][root][INFO] - Final dataset: 3400
[2025-11-10 00:07:25,089][root][INFO] - Train dataset: 2720
[2025-11-10 00:07:25,089][root][INFO] - Valid dataset: 340
[2025-11-10 00:07:25,089][root][INFO] - Test dataset: 340
[2025-11-10 00:07:25,106][root][INFO] - Datasets successfully saved!
[2025-11-10 00:12:40,525][root][INFO] - Deduplicated dataset: 3400
[2025-11-10 00:12:40,641][root][INFO] - Final dataset: 3400
[2025-11-10 00:12:40,642][root][INFO] - Train dataset: 2720
[2025-11-10 00:12:40,642][root][INFO] - Valid dataset: 340
[2025-11-10 00:12:40,642][root][INFO] - Test dataset: 340
[2025-11-10 00:12:40,660][root][INFO] - Datasets successfully saved!
[2025-11-10 00:16:20,037][root][INFO] - Deduplicated dataset: 3400
[2025-11-10 00:16:20,148][root][INFO] - Final dataset: 3400
[2025-11-10 00:16:20,149][root][INFO] - Train dataset: 2720
[2025-11-10 00:16:20,149][root][INFO] - Valid dataset: 340
[2025-11-10 00:16:20,149][root][INFO] - Test dataset: 340
[2025-11-10 00:16:20,166][root][INFO] - Datasets successfully saved!
[2025-11-10 00:19:47,848][root][INFO] - Deduplicated dataset: 3400
[2025-11-10 00:19:47,958][root][INFO] - Final dataset: 3400
[2025-11-10 00:19:47,960][root][INFO] - Train dataset: 2720
[2025-11-10 00:19:47,960][root][INFO] - Valid dataset: 340
[2025-11-10 00:19:47,960][root][INFO] - Test dataset: 340
[2025-11-10 00:19:47,977][root][INFO] - Datasets successfully saved!
[2025-11-10 00:20:12,399][root][INFO] - Deduplicated dataset: 3400
[2025-11-10 00:20:12,513][root][INFO] - Final dataset: 3400
[2025-11-10 00:20:12,514][root][INFO] - Train dataset: 2720
[2025-11-10 00:20:12,515][root][INFO] - Valid dataset: 340
[2025-11-10 00:20:12,515][root][INFO] - Test dataset: 340
[2025-11-10 00:20:12,532][root][INFO] - Datasets successfully saved!
[2025-11-10 00:22:38,139][root][INFO] - Deduplicated dataset: 3400
[2025-11-10 00:22:38,252][root][INFO] - Final dataset: 3400
[2025-11-10 00:22:38,253][root][INFO] - Train dataset: 2720
[2025-11-10 00:22:38,253][root][INFO] - Valid dataset: 340
[2025-11-10 00:22:38,253][root][INFO] - Test dataset: 340
[2025-11-10 00:22:38,271][root][INFO] - Datasets successfully saved!
[2025-11-10 00:22:53,909][root][INFO] - Deduplicated dataset: 3400
[2025-11-10 00:22:54,020][root][INFO] - Final dataset: 3400
[2025-11-10 00:22:54,021][root][INFO] - Train dataset: 2720
[2025-11-10 00:22:54,021][root][INFO] - Valid dataset: 340
[2025-11-10 00:22:54,021][root][INFO] - Test dataset: 340
[2025-11-10 00:22:54,039][root][INFO] - Datasets successfully saved!
[2025-11-10 00:23:57,630][root][INFO] - Deduplicated dataset: 3400
[2025-11-10 00:23:57,742][root][INFO] - Final dataset: 3400
[2025-11-10 00:23:57,743][root][INFO] - Train dataset: 2720
[2025-11-10 00:23:57,743][root][INFO] - Valid dataset: 340
[2025-11-10 00:23:57,743][root][INFO] - Test dataset: 340
[2025-11-10 00:23:57,760][root][INFO] - Datasets successfully saved!
[2025-11-10 00:27:45,343][root][INFO] - Deduplicated dataset: 3400
[2025-11-10 00:27:45,486][root][INFO] - Final dataset: 3400
[2025-11-10 00:27:45,488][root][INFO] - Train dataset: 2720
[2025-11-10 00:27:45,488][root][INFO] - Valid dataset: 340
[2025-11-10 00:27:45,488][root][INFO] - Test dataset: 340
[2025-11-10 00:27:45,506][root][INFO] - Datasets successfully saved!
[2025-11-10 00:29:03,506][root][INFO] - Deduplicated dataset: 3400
[2025-11-10 00:29:03,618][root][INFO] - Final dataset: 3400
[2025-11-10 00:29:03,619][root][INFO] - Train dataset: 2720
[2025-11-10 00:29:03,619][root][INFO] - Valid dataset: 340
[2025-11-10 00:29:03,619][root][INFO] - Test dataset: 340
[2025-11-10 00:29:03,636][root][INFO] - Datasets successfully saved!
[2025-11-10 00:30:48,814][root][INFO] - Deduplicated dataset: 3400
[2025-11-10 00:30:48,927][root][INFO] - Final dataset: 3400
[2025-11-10 00:30:48,928][root][INFO] - Train dataset: 2720
[2025-11-10 00:30:48,928][root][INFO] - Valid dataset: 340
[2025-11-10 00:30:48,928][root][INFO] - Test dataset: 340
[2025-11-10 00:30:48,945][root][INFO] - Datasets successfully saved!
[2025-11-10 00:32:01,635][root][INFO] - Deduplicated dataset: 3400
[2025-11-10 00:32:01,750][root][INFO] - Final dataset: 3400
[2025-11-10 00:32:01,751][root][INFO] - Train dataset: 2720
[2025-11-10 00:32:01,751][root][INFO] - Valid dataset: 340
[2025-11-10 00:32:01,751][root][INFO] - Test dataset: 340
[2025-11-10 00:32:01,768][root][INFO] - Datasets successfully saved!
[2025-11-10 00:33:17,800][root][INFO] - Deduplicated dataset: 3400
[2025-11-10 00:33:17,911][root][INFO] - Final dataset: 3400
[2025-11-10 00:33:17,912][root][INFO] - Train dataset: 2720
[2025-11-10 00:33:17,913][root][INFO] - Valid dataset: 340
[2025-11-10 00:33:17,913][root][INFO] - Test dataset: 340
[2025-11-10 00:33:17,931][root][INFO] - Datasets successfully saved!
[2025-11-10 00:36:34,373][root][INFO] - Deduplicated dataset: 3400
[2025-11-10 00:36:34,482][root][INFO] - Final dataset: 3400
[2025-11-10 00:36:34,484][root][INFO] - Train dataset: 2720
[2025-11-10 00:36:34,484][root][INFO] - Valid dataset: 340
[2025-11-10 00:36:34,484][root][INFO] - Test dataset: 340
[2025-11-10 00:36:34,501][root][INFO] - Datasets successfully saved!
[2025-11-10 00:51:54,422][root][INFO] - Deduplicated dataset: 3400
[2025-11-10 00:51:54,533][root][INFO] - Final dataset: 3400
[2025-11-10 00:51:54,534][root][INFO] - Train dataset: 2720
[2025-11-10 00:51:54,534][root][INFO] - Valid dataset: 340
[2025-11-10 00:51:54,534][root][INFO] - Test dataset: 340
[2025-11-10 00:51:54,551][root][INFO] - Datasets successfully saved!
[2025-11-10 00:52:33,021][root][INFO] - Deduplicated dataset: 3400
[2025-11-10 00:52:33,132][root][INFO] - Final dataset: 3400
[2025-11-10 00:52:33,133][root][INFO] - Train dataset: 2720
[2025-11-10 00:52:33,133][root][INFO] - Valid dataset: 340
[2025-11-10 00:52:33,134][root][INFO] - Test dataset: 340
[2025-11-10 00:52:33,151][root][INFO] - Datasets successfully saved!
[2025-11-10 00:53:51,239][root][INFO] - Deduplicated dataset: 3400
[2025-11-10 00:53:51,273][root][INFO] - Final dataset: 3400
[2025-11-10 00:53:51,274][root][INFO] - Train dataset: 2720
[2025-11-10 00:53:51,274][root][INFO] - Valid dataset: 340
[2025-11-10 00:53:51,274][root][INFO] - Test dataset: 340
[2025-11-10 00:53:51,291][root][INFO] - Datasets successfully saved!
[2025-11-10 00:54:18,418][root][INFO] - Deduplicated dataset: 3400
[2025-11-10 00:54:18,451][root][INFO] - Final dataset: 3400
[2025-11-10 00:54:18,451][root][INFO] - Train dataset: 2720
[2025-11-10 00:54:18,451][root][INFO] - Valid dataset: 340
[2025-11-10 00:54:18,451][root][INFO] - Test dataset: 340
[2025-11-10 00:54:18,467][root][INFO] - Datasets successfully saved!
[2025-11-10 12:54:22,598][root][INFO] - Deduplicated dataset: 3400
[2025-11-10 12:54:22,631][root][INFO] - Final dataset: 3400
[2025-11-10 12:54:22,631][root][INFO] - Train dataset: 2720
[2025-11-10 12:54:22,631][root][INFO] - Valid dataset: 340
[2025-11-10 12:54:22,631][root][INFO] - Test dataset: 340
[2025-11-10 12:54:22,647][root][INFO] - Datasets successfully saved!
[2025-11-12 22:36:17,660][root][INFO] - Deduplicated dataset: 3400
[2025-11-12 22:36:17,796][root][INFO] - Final dataset: 3400
[2025-11-12 22:36:17,797][root][INFO] - Train dataset: 2720
[2025-11-12 22:36:17,797][root][INFO] - Valid dataset: 340
[2025-11-12 22:36:17,797][root][INFO] - Test dataset: 340
[2025-11-12 22:36:17,816][root][INFO] - Datasets successfully saved!
[2025-11-12 22:39:21,415][root][INFO] - Deduplicated dataset: 3400
[2025-11-12 22:39:21,531][root][INFO] - Final dataset: 3400
[2025-11-12 22:39:21,532][root][INFO] - Train dataset: 2720
[2025-11-12 22:39:21,532][root][INFO] - Valid dataset: 340
[2025-11-12 22:39:21,532][root][INFO] - Test dataset: 340
[2025-11-12 22:39:21,552][root][INFO] - Datasets successfully saved!
[2025-11-12 22:40:47,199][root][INFO] - Deduplicated dataset: 3400
[2025-11-12 22:40:47,317][root][INFO] - Final dataset: 3400
[2025-11-12 22:40:47,319][root][INFO] - Train dataset: 2720
[2025-11-12 22:40:47,319][root][INFO] - Valid dataset: 340
[2025-11-12 22:40:47,319][root][INFO] - Test dataset: 340
[2025-11-12 22:40:47,338][root][INFO] - Datasets successfully saved!
[2025-11-12 22:42:06,954][root][INFO] - Deduplicated dataset: 3400
[2025-11-12 22:42:07,071][root][INFO] - Final dataset: 3400
[2025-11-12 22:42:07,072][root][INFO] - Train dataset: 2720
[2025-11-12 22:42:07,072][root][INFO] - Valid dataset: 340
[2025-11-12 22:42:07,072][root][INFO] - Test dataset: 340
[2025-11-12 22:42:07,092][root][INFO] - Datasets successfully saved!
[2025-11-12 22:42:43,626][root][INFO] - Deduplicated dataset: 3400
[2025-11-12 22:42:43,744][root][INFO] - Final dataset: 3400
[2025-11-12 22:42:43,745][root][INFO] - Train dataset: 2720
[2025-11-12 22:42:43,746][root][INFO] - Valid dataset: 340
[2025-11-12 22:42:43,746][root][INFO] - Test dataset: 340
[2025-11-12 22:42:43,766][root][INFO] - Datasets successfully saved!
[2025-11-12 22:44:42,298][root][INFO] - Deduplicated dataset: 3400
[2025-11-12 22:44:42,332][root][INFO] - Final dataset: 3400
[2025-11-12 22:44:42,333][root][INFO] - Train dataset: 2720
[2025-11-12 22:44:42,333][root][INFO] - Valid dataset: 340
[2025-11-12 22:44:42,333][root][INFO] - Test dataset: 340
[2025-11-12 22:44:42,350][root][INFO] - Datasets successfully saved!
[2025-11-12 22:46:19,615][root][INFO] - Deduplicated dataset: 3400
[2025-11-12 22:46:19,649][root][INFO] - Final dataset: 3400
[2025-11-12 22:46:19,649][root][INFO] - Train dataset: 2720
[2025-11-12 22:46:19,649][root][INFO] - Valid dataset: 340
[2025-11-12 22:46:19,649][root][INFO] - Test dataset: 340
[2025-11-12 22:46:19,667][root][INFO] - Datasets successfully saved!
[2025-11-13 08:28:23,512][root][INFO] - Deduplicated dataset: 337
[2025-11-13 08:28:23,514][root][INFO] - Final dataset: 337
[2025-11-13 08:28:23,515][root][INFO] - Train dataset: 269
[2025-11-13 08:28:23,515][root][INFO] - Valid dataset: 34
[2025-11-13 08:28:23,515][root][INFO] - Test dataset: 34
[2025-11-13 08:28:23,517][root][INFO] - Datasets successfully saved!
[2025-11-13 09:36:54,388][root][INFO] - Deduplicated dataset: 337
[2025-11-13 09:36:54,391][root][INFO] - Final dataset: 337
[2025-11-13 09:36:54,391][root][INFO] - Train dataset: 269
[2025-11-13 09:36:54,391][root][INFO] - Valid dataset: 34
[2025-11-13 09:36:54,391][root][INFO] - Test dataset: 34
[2025-11-13 09:36:54,394][root][INFO] - Datasets successfully saved!
[2025-11-13 09:37:13,442][root][INFO] - Deduplicated dataset: 337
[2025-11-13 09:37:13,444][root][INFO] - Final dataset: 337
[2025-11-13 09:37:13,444][root][INFO] - Train dataset: 269
[2025-11-13 09:37:13,444][root][INFO] - Valid dataset: 34
[2025-11-13 09:37:13,444][root][INFO] - Test dataset: 34
[2025-11-13 09:37:13,447][root][INFO] - Datasets successfully saved!
[2025-11-13 11:01:40,446][root][INFO] - Deduplicated dataset: 3400
[2025-11-13 11:01:40,559][root][INFO] - Final dataset: 3400
[2025-11-13 11:02:19,583][root][INFO] - Deduplicated dataset: 3400
[2025-11-13 11:02:19,698][root][INFO] - Final dataset: 3400
[2025-11-13 11:09:47,516][root][INFO] - Deduplicated dataset: 3400
[2025-11-13 11:09:47,632][root][INFO] - Final dataset: 3400
[2025-11-13 11:09:47,695][root][INFO] - Train dataset: 2720
[2025-11-13 11:09:47,696][root][INFO] - Valid dataset: 340
[2025-11-13 11:09:47,696][root][INFO] - Test dataset: 340
[2025-11-13 11:09:47,726][root][INFO] - Datasets successfully saved!
[2025-11-13 11:11:32,837][root][INFO] - Deduplicated dataset: 3400
[2025-11-13 11:11:32,952][root][INFO] - Final dataset: 3400
[2025-11-13 11:11:33,018][root][INFO] - Train dataset: 2720
[2025-11-13 11:11:33,018][root][INFO] - Valid dataset: 340
[2025-11-13 11:11:33,018][root][INFO] - Test dataset: 340
[2025-11-13 11:11:33,049][root][INFO] - Datasets successfully saved!
[2025-11-13 11:12:41,381][root][INFO] - Deduplicated dataset: 3400
[2025-11-13 11:12:41,494][root][INFO] - Final dataset: 3400
[2025-11-13 11:12:41,558][root][INFO] - Train dataset: 2720
[2025-11-13 11:12:41,559][root][INFO] - Valid dataset: 340
[2025-11-13 11:12:41,559][root][INFO] - Test dataset: 340
[2025-11-13 11:12:41,589][root][INFO] - Datasets successfully saved!
[2025-11-13 11:15:41,927][root][INFO] - Deduplicated dataset: 3400
[2025-11-13 11:15:42,043][root][INFO] - Final dataset: 3400
[2025-11-13 11:15:42,108][root][INFO] - Train dataset: 2720
[2025-11-13 11:15:42,108][root][INFO] - Valid dataset: 340
[2025-11-13 11:15:42,108][root][INFO] - Test dataset: 340
[2025-11-13 11:15:42,138][root][INFO] - Datasets successfully saved!
[2025-11-13 11:18:05,720][root][INFO] - Deduplicated dataset: 3400
[2025-11-13 11:18:05,833][root][INFO] - Final dataset: 3400
[2025-11-13 11:18:05,895][root][INFO] - Train dataset: 2720
[2025-11-13 11:18:05,896][root][INFO] - Valid dataset: 340
[2025-11-13 11:18:05,896][root][INFO] - Test dataset: 340
[2025-11-13 11:18:05,925][root][INFO] - Datasets successfully saved!
[2025-11-13 11:19:45,156][root][INFO] - Deduplicated dataset: 3400
[2025-11-13 11:19:45,271][root][INFO] - Final dataset: 3400
[2025-11-13 11:19:45,337][root][INFO] - Train dataset: 2720
[2025-11-13 11:19:45,337][root][INFO] - Valid dataset: 340
[2025-11-13 11:19:45,337][root][INFO] - Test dataset: 340
[2025-11-13 11:19:45,369][root][INFO] - Datasets successfully saved!
[2025-11-13 11:25:27,295][root][INFO] - Deduplicated dataset: 3400
[2025-11-13 11:25:27,329][root][INFO] - Final dataset: 3400
[2025-11-13 11:25:27,369][root][INFO] - Train dataset: 2720
[2025-11-13 11:25:27,369][root][INFO] - Valid dataset: 340
[2025-11-13 11:25:27,369][root][INFO] - Test dataset: 340
[2025-11-13 11:25:27,397][root][INFO] - Datasets successfully saved!
[2025-11-13 11:31:04,498][root][INFO] - Deduplicated dataset: 3400
[2025-11-13 11:31:04,557][root][INFO] - Final dataset: 3400
[2025-11-13 11:31:04,598][root][INFO] - Train dataset: 2720
[2025-11-13 11:31:04,598][root][INFO] - Valid dataset: 340
[2025-11-13 11:31:04,598][root][INFO] - Test dataset: 340
[2025-11-13 11:31:04,633][root][INFO] - Datasets successfully saved!
[2025-11-13 13:45:21,781][root][INFO] - Deduplicated dataset: 3400
[2025-11-13 13:45:21,896][root][INFO] - Final dataset: 3400
[2025-11-13 13:45:21,961][root][INFO] - Train dataset: 2720
[2025-11-13 13:45:21,962][root][INFO] - Valid dataset: 340
[2025-11-13 13:45:21,962][root][INFO] - Test dataset: 340
[2025-11-13 13:45:21,993][root][INFO] - Datasets successfully saved!
[2025-11-13 13:47:28,164][root][INFO] - Deduplicated dataset: 3400
[2025-11-13 13:47:28,282][root][INFO] - Final dataset: 3400
[2025-11-13 13:47:28,348][root][INFO] - Train dataset: 2720
[2025-11-13 13:47:28,349][root][INFO] - Valid dataset: 340
[2025-11-13 13:47:28,349][root][INFO] - Test dataset: 340
[2025-11-13 13:47:28,380][root][INFO] - Datasets successfully saved!
[2025-11-13 13:49:57,466][root][INFO] - Deduplicated dataset: 3400
[2025-11-13 13:49:57,502][root][INFO] - Final dataset: 3400
[2025-11-13 13:49:57,542][root][INFO] - Train dataset: 2720
[2025-11-13 13:49:57,542][root][INFO] - Valid dataset: 340
[2025-11-13 13:49:57,542][root][INFO] - Test dataset: 340
[2025-11-13 13:49:57,570][root][INFO] - Datasets successfully saved!
[2025-11-17 12:14:14,673][root][INFO] - Deduplicated dataset: 3400
[2025-11-17 12:14:14,708][root][INFO] - Final dataset: 3400
[2025-11-17 12:14:14,745][root][INFO] - Train dataset: 2720
[2025-11-17 12:14:14,745][root][INFO] - Valid dataset: 340
[2025-11-17 12:14:14,745][root][INFO] - Test dataset: 340
[2025-11-17 12:14:14,787][root][INFO] - Datasets successfully saved!
[2025-11-17 13:02:08,439][root][INFO] - Deduplicated dataset: 3400
[2025-11-17 13:02:08,472][root][INFO] - Final dataset: 3400
[2025-11-17 13:02:08,509][root][INFO] - Train dataset: 2720
[2025-11-17 13:02:08,509][root][INFO] - Valid dataset: 340
[2025-11-17 13:02:08,509][root][INFO] - Test dataset: 340
[2025-11-17 13:02:08,538][root][INFO] - Datasets successfully saved!
[2025-11-17 13:02:32,529][root][INFO] - Deduplicated dataset: 3400
[2025-11-17 13:02:32,562][root][INFO] - Final dataset: 3400
[2025-11-17 13:02:32,601][root][INFO] - Train dataset: 2720
[2025-11-17 13:02:32,601][root][INFO] - Valid dataset: 340
[2025-11-17 13:02:32,601][root][INFO] - Test dataset: 340
[2025-11-17 13:02:32,629][root][INFO] - Datasets successfully saved!
[2025-11-17 13:03:17,032][root][INFO] - Deduplicated dataset: 3400
[2025-11-17 13:03:17,064][root][INFO] - Final dataset: 3400
[2025-11-17 13:03:17,102][root][INFO] - Train dataset: 2720
[2025-11-17 13:03:17,102][root][INFO] - Valid dataset: 340
[2025-11-17 13:03:17,102][root][INFO] - Test dataset: 340
[2025-11-17 13:03:17,131][root][INFO] - Datasets successfully saved!
[2025-11-17 21:09:14,422][root][INFO] - Deduplicated dataset: 3400
[2025-11-17 21:09:14,455][root][INFO] - Final dataset: 3400
[2025-11-17 21:09:14,492][root][INFO] - Train dataset: 2720
[2025-11-17 21:09:14,492][root][INFO] - Valid dataset: 340
[2025-11-17 21:09:14,492][root][INFO] - Test dataset: 340
[2025-11-17 21:09:14,520][root][INFO] - Datasets successfully saved!
[2025-11-17 21:10:25,414][root][INFO] - Deduplicated dataset: 3400
[2025-11-17 21:10:25,452][root][INFO] - Final dataset: 3400
[2025-11-17 21:10:25,492][root][INFO] - Train dataset: 2720
[2025-11-17 21:10:25,492][root][INFO] - Valid dataset: 340
[2025-11-17 21:10:25,492][root][INFO] - Test dataset: 340
[2025-11-17 21:10:25,520][root][INFO] - Datasets successfully saved!
[2025-11-17 23:55:26,306][root][INFO] - Deduplicated dataset: 3400
[2025-11-17 23:55:26,341][root][INFO] - Final dataset: 3400
[2025-11-17 23:55:26,379][root][INFO] - Train dataset: 2720
[2025-11-17 23:55:26,379][root][INFO] - Valid dataset: 340
[2025-11-17 23:55:26,379][root][INFO] - Test dataset: 340
[2025-11-17 23:55:26,408][root][INFO] - Datasets successfully saved!
